2019-07-18 21:18:32:494|[main]|INFO |c.e.springbootdocker.SpringbootDockerApplication|Starting SpringbootDockerApplication on g50 with PID 16382 (/home/sunny/code/java/spring-training-hall/springboot-docker/target/classes started by sunny in /home/sunny/code/java/spring-training-hall/springboot-docker)
2019-07-18 21:18:32:496|[main]|DEBUG|c.e.springbootdocker.SpringbootDockerApplication|Running with Spring Boot v2.1.6.RELEASE, Spring v5.1.8.RELEASE
2019-07-18 21:18:32:497|[main]|INFO |c.e.springbootdocker.SpringbootDockerApplication|The following profiles are active: local
2019-07-18 21:18:33:418|[main]|INFO |o.s.boot.web.embedded.tomcat.TomcatWebServer|Tomcat initialized with port(s): 8080 (http)
2019-07-18 21:18:33:429|[main]|INFO |org.apache.coyote.http11.Http11NioProtocol|Initializing ProtocolHandler ["http-nio-8080"]
2019-07-18 21:18:33:436|[main]|INFO |org.apache.catalina.core.StandardService|Starting service [Tomcat]
2019-07-18 21:18:33:436|[main]|INFO |org.apache.catalina.core.StandardEngine|Starting Servlet engine: [Apache Tomcat/9.0.21]
2019-07-18 21:18:33:493|[main]|INFO |o.a.c.core.ContainerBase.[Tomcat].[localhost].[/]|Initializing Spring embedded WebApplicationContext
2019-07-18 21:18:33:494|[main]|INFO |org.springframework.web.context.ContextLoader|Root WebApplicationContext: initialization completed in 823 ms
2019-07-18 21:18:33:662|[main]|INFO |o.s.scheduling.concurrent.ThreadPoolTaskExecutor|Initializing ExecutorService 'applicationTaskExecutor'
2019-07-18 21:18:33:772|[main]|INFO |org.apache.coyote.http11.Http11NioProtocol|Starting ProtocolHandler ["http-nio-8080"]
2019-07-18 21:18:33:778|[main]|ERROR|org.apache.catalina.util.LifecycleBase|Failed to start component [Connector[HTTP/1.1-8080]]
org.apache.catalina.LifecycleException: Protocol handler start failed
	at org.apache.catalina.connector.Connector.startInternal(Connector.java:1008)
	at org.apache.catalina.util.LifecycleBase.start(LifecycleBase.java:183)
	at org.apache.catalina.core.StandardService.addConnector(StandardService.java:227)
	at org.springframework.boot.web.embedded.tomcat.TomcatWebServer.addPreviouslyRemovedConnectors(TomcatWebServer.java:263)
	at org.springframework.boot.web.embedded.tomcat.TomcatWebServer.start(TomcatWebServer.java:195)
	at org.springframework.boot.web.servlet.context.ServletWebServerApplicationContext.startWebServer(ServletWebServerApplicationContext.java:296)
	at org.springframework.boot.web.servlet.context.ServletWebServerApplicationContext.finishRefresh(ServletWebServerApplicationContext.java:162)
	at org.springframework.context.support.AbstractApplicationContext.refresh(AbstractApplicationContext.java:552)
	at org.springframework.boot.web.servlet.context.ServletWebServerApplicationContext.refresh(ServletWebServerApplicationContext.java:140)
	at org.springframework.boot.SpringApplication.refresh(SpringApplication.java:742)
	at org.springframework.boot.SpringApplication.refreshContext(SpringApplication.java:389)
	at org.springframework.boot.SpringApplication.run(SpringApplication.java:311)
	at org.springframework.boot.SpringApplication.run(SpringApplication.java:1213)
	at org.springframework.boot.SpringApplication.run(SpringApplication.java:1202)
	at com.example.springbootdocker.SpringbootDockerApplication.main(SpringbootDockerApplication.java:16)
Caused by: java.net.BindException: 地址已在使用
	at sun.nio.ch.Net.bind0(Native Method)
	at sun.nio.ch.Net.bind(Net.java:433)
	at sun.nio.ch.Net.bind(Net.java:425)
	at sun.nio.ch.ServerSocketChannelImpl.bind(ServerSocketChannelImpl.java:223)
	at sun.nio.ch.ServerSocketAdaptor.bind(ServerSocketAdaptor.java:74)
	at org.apache.tomcat.util.net.NioEndpoint.initServerSocket(NioEndpoint.java:230)
	at org.apache.tomcat.util.net.NioEndpoint.bind(NioEndpoint.java:213)
	at org.apache.tomcat.util.net.AbstractEndpoint.bindWithCleanup(AbstractEndpoint.java:1124)
	at org.apache.tomcat.util.net.AbstractEndpoint.start(AbstractEndpoint.java:1210)
	at org.apache.coyote.AbstractProtocol.start(AbstractProtocol.java:585)
	at org.apache.catalina.connector.Connector.startInternal(Connector.java:1005)
	... 14 common frames omitted
2019-07-18 21:18:33:783|[main]|INFO |org.apache.coyote.http11.Http11NioProtocol|Pausing ProtocolHandler ["http-nio-8080"]
2019-07-18 21:18:33:783|[main]|INFO |org.apache.catalina.core.StandardService|Stopping service [Tomcat]
2019-07-18 21:18:33:788|[main]|INFO |org.apache.catalina.util.LifecycleBase|The stop() method was called on component [StandardServer[-1]] after stop() had already been called. The second call will be ignored.
2019-07-18 21:18:33:788|[main]|INFO |org.apache.coyote.http11.Http11NioProtocol|Stopping ProtocolHandler ["http-nio-8080"]
2019-07-18 21:18:33:788|[main]|INFO |org.apache.coyote.http11.Http11NioProtocol|Destroying ProtocolHandler ["http-nio-8080"]
2019-07-18 21:18:33:790|[main]|INFO |o.s.b.a.l.ConditionEvaluationReportLoggingListener|

Error starting ApplicationContext. To display the conditions report re-run your application with 'debug' enabled.
2019-07-18 21:18:33:793|[main]|ERROR|o.s.b.diagnostics.LoggingFailureAnalysisReporter|

***************************
APPLICATION FAILED TO START
***************************

Description:

The Tomcat connector configured to listen on port 8080 failed to start. The port may already be in use or the connector may be misconfigured.

Action:

Verify the connector's configuration, identify and stop any process that's listening on port 8080, or configure this application to listen on another port.

2019-07-18 21:18:33:795|[main]|INFO |o.s.scheduling.concurrent.ThreadPoolTaskExecutor|Shutting down ExecutorService 'applicationTaskExecutor'
